Sum 1136.0 D=227 Fitness=151498.0 qtdBefore=27 sum= 224 qtdAfter=73 sum=912 begin=0 space before middle 3
72 45 86 2 20 7 56 77 46 88 87 81 96 73 80 27 70 36 35 24 69 16 64 63 66 95 75 34 3 37 1 43 48 65 18 97 50 61 13 60 74 42 91 15 83 12 57 32 29 84 90 76 49 33 40 31 71 26 47 92 39 22 6 25 59 52 14 94 10 78 30 19 28 62 85 82 55 44 5 58 99 53 9 17 100 79 98 68 11 67 54 41 23 38 93 21 8 4 51 89
Sum 1082.0 D=216 Fitness=129430.0 qtdBefore=26 sum= 211 qtdAfter=74 sum=871 begin=0 space before middle 5
16 18 95 70 31 77 9 33 66 38 47 17 11 6 14 12 81 35 59 55 40 15 7 20 99 28 39 93 21 57 52 2 74 34 45 49 61 60 69 29 37 5 75 19 3 1 67 26 71 80 62 41 72 84 91 22 89 96 51 30 54 65 78 44 88 92 76 8 27 68 97 79 25 10 42 98 53 86 63 23 56 82 50 24 85 46 4 36 32 58 43 83 100 64 87 48 94 13 73 90
Sum 1074.0 D=215 Fitness=131906.0 qtdBefore=33 sum= 215 qtdAfter=67 sum=859 begin=0 space before middle 0
22 79 19 97 92 55 77 41 99 56 38 82 76 100 28 65 80 53 94 95 69 89 64 21 52 26 30 96 74 31 70 49 3 35 36 59 23 43 44 71 10 42 11 13 39 20 58 62 54 88 46 1 6 34 37 15 73 17 50 68 16 85 18 14 40 61 83 66 63 9 98 57 93 32 86 48 67 24 75 33 91 29 84 4 8 60 45 7 25 72 51 90 5 78 81 2 87 27 47 12
Sum 1046.0 D=209 Fitness=133085.0 qtdBefore=26 sum= 206 qtdAfter=74 sum=840 begin=0 space before middle 3
25 34 41 23 92 94 58 5 28 54 77 83 82 51 86 49 7 99 46 48 4 43 78 26 24 36 66 75 20 6 61 21 60 29 35 91 2 27 11 89 96 50 9 80 68 31 15 69 8 73 79 42 95 100 56 1 13 98 33 37 67 32 64 22 53 87 76 85 39 44 57 47 17 19 93 84 10 38 90 30 70 62 45 71 3 74 72 52 40 97 55 65 18 59 14 16 81 88 12 63
Sum 1059.0 D=212 Fitness=128291.0 qtdBefore=32 sum= 210 qtdAfter=68 sum=849 begin=0 space before middle 2
42 81 22 37 48 49 52 32 54 24 72 28 83 67 21 56 39 78 87 18 89 53 80 33 92 31 2 13 27 7 64 25 16 86 68 41 4 75 5 84 79 88 51 60 100 73 85 98 6 43 23 36 11 93 9 65 45 62 1 97 58 55 20 14 99 19 70 96 90 26 12 69 29 34 30 63 8 91 47 95 66 76 3 61 10 94 40 15 46 77 59 44 17 50 71 82 57 74 38 35
Sum 1052.0 D=210 Fitness=150088.0 qtdBefore=29 sum= 210 qtdAfter=71 sum=842 begin=0 space before middle 0
80 73 7 76 81 85 38 65 74 40 64 44 57 3 71 79 6 94 82 33 70 78 34 14 21 52 29 25 8 95 49 89 30 20 9 91 55 72 17 98 4 92 75 59 97 41 66 53 27 47 31 15 63 61 87 93 39 5 18 69 62 26 10 90 23 35 48 28 2 50 22 11 46 68 1 54 67 37 58 83 99 86 43 32 42 60 13 100 36 77 12 24 51 96 19 84 16 56 88 45
Sum 1041.0 D=208 Fitness=139386.0 qtdBefore=27 sum= 207 qtdAfter=73 sum=834 begin=0 space before middle 1
71 35 4 83 66 8 22 86 81 94 72 75 3 27 9 28 1 78 31 87 74 57 99 88 41 60 6 14 93 25 68 40 19 18 98 45 5 85 55 46 50 34 90 51 91 84 48 44 7 54 2 89 59 17 29 52 95 80 64 16 96 43 23 56 38 73 20 36 32 53 70 61 37 12 82 76 39 13 10 65 69 15 11 42 79 63 24 62 30 33 49 97 21 47 58 92 26 100 67 77
Sum 1185.0 D=237 Fitness=165189.0 qtdBefore=24 sum= 236 qtdAfter=76 sum=949 begin=0 space before middle 1
32 77 70 61 8 45 24 3 81 33 91 20 36 28 58 90 67 30 60 11 13 12 92 7 42 78 76 89 52 83 49 72 48 14 4 97 29 63 56 31 41 69 57 46 73 34 40 75 84 65 71 5 59 100 18 86 19 15 22 17 55 62 23 35 6 99 47 25 27 74 26 68 37 94 44 9 66 53 51 80 38 16 39 98 1 54 64 82 85 50 10 2 79 88 87 21 95 96 93 43
Sum 1081.0 D=216 Fitness=119631.0 qtdBefore=30 sum= 215 qtdAfter=70 sum=866 begin=0 space before middle 1
46 51 38 34 30 76 96 92 78 21 67 13 81 2 5 16 17 3 31 93 97 57 95 25 26 54 40 23 90 86 9 29 49 77 85 98 58 8 18 42 19 71 89 53 15 24 52 45 80 100 62 94 10 82 68 27 50 39 20 22 41 87 59 75 88 66 47 72 28 74 11 35 43 91 84 70 37 60 12 14 83 1 79 69 36 6 73 64 7 99 48 65 56 4 32 55 63 61 33 44
Sum 1063.0 D=213 Fitness=121438.0 qtdBefore=28 sum= 211 qtdAfter=72 sum=852 begin=0 space before middle 2
99 65 14 38 20 89 42 90 93 53 59 69 48 45 100 96 78 56 25 1 2 77 88 94 73 41 37 4 15 44 7 55 16 61 82 50 91 9 58 68 47 12 97 46 28 63 81 83 26 43 21 86 64 72 31 36 22 6 95 8 70 60 40 54 5 79 33 27 75 85 18 92 34 84 49 51 32 52 87 76 35 10 80 17 98 74 57 30 11 67 62 66 3 23 71 24 39 29 19 13
Sum 1136.0 D=454 Fitness=87077.0 qtdBefore=45 sum= 454 qtdAfter=55 sum=682 begin=0 space before middle 0
72 17 45 86 2 20 7 56 77 19 46 88 87 81 59 25 96 31 57 73 83 40 80 90 60 74 42 32 43 48 27 70 36 35 24 3 34 69 16 37 64 63 66 95 75 1 65 18 97 50 61 13 91 15 12 29 84 76 49 33 71 26 47 92 39 22 6 52 14 94 10 78 30 28 62 85 82 55 44 5 58 99 53 9 100 79 98 68 11 67 54 41 23 38 93 21 8 4 51 89
Sum 1082.0 D=433 Fitness=74334.0 qtdBefore=42 sum= 431 qtdAfter=58 sum=651 begin=0 space before middle 2
97 16 18 95 70 31 77 27 9 51 30 54 33 66 65 38 91 47 17 26 84 22 11 6 41 14 80 34 12 49 81 35 21 61 57 52 55 15 7 20 99 28 40 59 39 93 2 74 45 60 69 29 37 5 75 19 3 1 67 71 62 72 89 96 78 44 88 92 76 8 68 79 25 10 42 98 53 86 63 23 56 82 50 85 24 46 4 36 32 58 43 83 100 64 87 48 94 13 73 90
Sum 1074.0 D=430 Fitness=83402.0 qtdBefore=50 sum= 429 qtdAfter=50 sum=645 begin=0 space before middle 1
81 22 79 19 60 72 97 92 55 77 41 99 48 56 38 57 82 76 83 68 61 100 28 65 88 13 1 39 80 53 20 42 44 94 95 69 89 64 21 52 26 30 96 74 35 36 31 70 49 3 23 43 59 71 10 11 62 54 58 46 6 34 37 15 73 17 50 16 85 18 14 40 66 63 9 98 93 32 86 67 24 75 33 91 29 84 4 8 45 7 25 51 90 5 78 2 87 27 47 12
Sum 1046.0 D=418 Fitness=84881.0 qtdBefore=46 sum= 417 qtdAfter=54 sum=629 begin=0 space before middle 1
25 62 18 59 55 34 41 23 90 92 94 39 47 58 5 28 54 77 83 82 51 86 49 22 95 7 69 80 15 75 21 60 61 99 46 20 48 6 4 43 78 66 26 24 36 35 91 29 2 27 11 89 96 50 9 68 31 8 73 79 42 100 56 1 13 98 33 37 67 32 64 53 87 76 85 44 57 17 19 93 84 10 38 30 70 45 71 3 74 72 52 40 97 65 14 16 81 88 12 63
Sum 1059.0 D=424 Fitness=72447.0 qtdBefore=51 sum= 423 qtdAfter=49 sum=636 begin=0 space before middle 1
61 42 81 22 3 37 48 95 49 52 32 70 54 24 62 72 14 28 83 97 67 93 21 85 23 56 39 68 41 75 79 88 86 78 5 87 18 89 53 4 80 33 92 16 31 2 13 27 7 64 25 84 51 60 100 73 98 6 43 36 11 9 65 45 1 58 55 20 99 19 96 90 26 12 69 29 34 30 63 8 91 47 66 76 10 94 40 15 46 59 44 77 17 50 71 82 57 74 38 35
Sum 1052.0 D=421 Fitness=82814.0 qtdBefore=43 sum= 421 qtdAfter=57 sum=631 begin=0 space before middle 0
43 80 73 7 76 81 85 38 65 74 40 64 62 44 63 2 90 53 48 27 57 75 35 3 26 41 97 61 87 71 79 20 6 30 94 70 34 14 21 52 29 25 8 78 33 82 95 49 89 9 91 55 72 17 98 4 92 59 66 47 31 15 93 39 5 18 69 10 23 28 50 22 11 46 68 1 54 67 37 58 83 99 86 32 42 60 13 100 36 12 77 24 51 96 19 84 16 56 88 45
Sum 1041.0 D=416 Fitness=78946.0 qtdBefore=48 sum= 416 qtdAfter=52 sum=625 begin=0 space before middle 0
71 35 4 83 66 8 22 38 86 81 94 72 36 75 73 3 37 27 64 9 28 96 44 51 23 1 17 78 91 34 85 46 18 98 40 31 87 68 14 74 93 57 99 25 88 41 60 6 19 45 5 55 50 90 84 48 7 54 2 89 59 29 52 95 80 16 43 56 20 32 53 70 61 12 82 76 39 13 10 65 69 15 11 42 79 63 24 62 30 33 49 97 21 47 58 92 26 100 67 77
Sum 1185.0 D=474 Fitness=95016.0 qtdBefore=43 sum= 472 qtdAfter=57 sum=713 begin=0 space before middle 2
32 77 70 61 8 74 99 45 24 3 81 33 91 20 19 6 36 63 57 73 86 48 62 28 100 58 14 90 4 52 49 67 78 89 42 30 60 11 13 76 12 92 7 83 72 97 29 56 31 41 69 46 34 40 75 84 65 71 5 59 18 15 22 17 55 23 35 47 25 27 26 68 37 94 44 9 66 53 51 80 38 16 39 98 1 54 64 82 85 50 10 2 79 88 87 21 95 96 93 43
Sum 1081.0 D=432 Fitness=71945.0 qtdBefore=49 sum= 428 qtdAfter=51 sum=653 begin=0 space before middle 4
46 64 51 38 34 30 76 96 92 12 11 78 21 68 67 35 43 22 13 81 87 72 2 5 16 62 17 100 8 18 85 3 31 93 49 77 97 57 95 25 26 9 29 98 54 40 23 90 86 58 42 19 71 89 53 15 24 52 45 80 94 10 82 27 50 39 20 41 59 75 88 66 47 28 74 91 84 70 37 60 14 83 1 79 69 36 6 73 7 99 48 65 56 4 32 55 63 61 33 44
Sum 1063.0 D=425 Fitness=72434.0 qtdBefore=43 sum= 425 qtdAfter=57 sum=638 begin=0 space before middle 0
49 99 65 14 38 20 89 42 90 93 32 52 92 87 53 59 69 8 63 81 70 28 86 26 64 48 46 68 45 100 58 96 78 56 7 55 25 15 44 1 2 88 94 41 37 4 73 77 16 61 82 50 91 9 47 12 97 83 43 21 72 31 36 22 6 95 60 40 54 5 79 33 27 75 85 18 34 84 51 76 35 10 80 17 98 74 57 30 11 67 62 66 3 23 71 24 39 29 19 13
Sum 1136.0 D=682 Fitness=72109.0 qtdBefore=55 sum= 634 qtdAfter=45 sum=502 begin=48 space before middle 0
72 41 17 45 86 2 20 7 56 77 19 46 88 55 87 81 59 25 94 96 31 57 73 83 40 47 71 80 90 10 60 74 42 32 76 84 92 49 91 43 12 48 13 61 27 70 36 35 65 1 24 3 69 16 64 63 75 95 66 34 37 18 97 50 15 29 33 26 39 22 6 52 14 78 30 28 62 85 82 44 5 58 99 53 9 100 79 98 68 11 67 54 23 38 93 21 8 4 51 89
Sum 1082.0 D=649 Fitness=59235.0 qtdBefore=54 sum= 603 qtdAfter=46 sum=479 begin=46 space before middle 0
97 16 18 95 70 31 77 27 24 9 63 51 30 54 33 66 65 25 38 91 47 17 26 84 78 79 22 11 6 41 14 80 34 12 49 71 81 35 21 61 60 57 1 3 52 69 29 74 39 93 59 40 55 28 99 20 7 15 2 45 5 75 19 37 67 62 72 89 96 44 88 92 76 8 68 10 42 98 53 86 23 56 82 50 85 46 4 36 32 58 43 83 100 64 87 48 94 13 73 90
Sum 1074.0 D=644 Fitness=68716.0 qtdBefore=58 sum= 599 qtdAfter=42 sum=475 begin=45 space before middle 0
81 22 79 19 60 25 72 97 92 55 77 41 99 48 56 38 57 82 76 83 68 61 100 28 65 88 15 63 13 1 85 39 80 53 20 50 14 58 42 44 73 34 94 95 62 10 71 59 69 89 64 21 52 26 30 74 31 70 3 49 96 35 36 23 43 11 54 46 6 37 17 16 18 40 66 9 98 93 32 86 67 24 75 33 91 29 84 4 8 45 7 51 90 5 78 2 87 27 47 12
Sum 1046.0 D=628 Fitness=68887.0 qtdBefore=57 sum= 607 qtdAfter=43 sum=439 begin=21 space before middle 0
25 81 62 18 59 55 34 41 23 90 92 94 39 47 58 38 5 28 54 77 19 83 82 84 51 86 49 22 76 32 95 7 69 56 80 33 15 42 73 68 9 75 21 60 11 2 61 27 99 46 20 48 6 29 4 43 78 24 36 26 66 35 91 89 96 50 31 8 79 100 1 13 98 37 67 64 53 87 85 44 57 17 93 10 30 70 45 71 3 74 72 52 40 97 65 14 16 88 12 63
Sum 1059.0 D=635 Fitness=55289.0 qtdBefore=60 sum= 634 qtdAfter=40 sum=425 begin=1 space before middle 0
61 77 42 81 22 3 17 37 48 95 49 46 52 32 70 54 24 94 62 72 14 10 28 83 66 97 67 93 34 21 85 23 11 96 9 56 39 68 36 41 75 79 88 73 86 78 60 84 5 87 18 89 53 80 33 31 2 13 7 25 64 27 92 16 4 51 100 98 6 43 65 45 1 58 55 20 99 19 90 26 12 69 29 30 63 8 91 47 76 40 15 59 44 50 71 82 57 74 38 35
Sum 1052.0 D=631 Fitness=62483.0 qtdBefore=60 sum= 627 qtdAfter=40 sum=425 begin=4 space before middle 0
43 80 77 73 7 36 76 81 85 38 42 65 74 40 64 62 44 83 63 2 90 53 48 27 57 75 35 3 26 28 41 97 61 87 71 79 20 22 93 6 30 5 66 47 4 17 92 98 59 9 72 94 82 95 89 91 33 70 78 25 29 8 52 34 14 21 49 55 15 31 39 18 69 10 23 50 11 46 68 1 54 67 37 58 99 86 32 60 13 100 12 24 51 96 19 84 16 56 88 45
Sum 1041.0 D=625 Fitness=62208.0 qtdBefore=58 sum= 623 qtdAfter=42 sum=418 begin=2 space before middle 0
71 35 26 4 83 21 66 8 22 38 86 81 94 72 36 69 75 10 73 82 3 37 27 64 76 9 28 96 32 44 51 23 1 53 17 78 95 43 91 34 52 85 46 54 7 18 98 55 40 45 31 87 68 19 14 74 57 99 88 60 6 41 93 25 5 50 90 84 48 2 89 59 29 80 16 56 20 70 61 12 39 13 65 15 11 42 79 63 24 62 30 33 49 97 47 58 92 100 67 77
Sum 1185.0 D=711 Fitness=80968.0 qtdBefore=49 sum= 622 qtdAfter=51 sum=563 begin=88 space before middle 1
32 38 77 70 61 8 74 99 45 24 3 81 33 91 20 19 6 36 63 57 73 86 48 62 28 23 100 47 35 58 14 65 90 84 4 40 29 56 31 52 49 97 67 78 89 72 83 42 7 13 92 11 30 12 60 76 41 69 46 34 75 71 5 59 18 22 15 17 55 25 27 26 68 37 94 44 9 66 53 51 80 16 39 98 1 54 64 82 85 50 10 2 79 88 87 21 95 96 93 43
Sum 1081.0 D=649 Fitness=58766.0 qtdBefore=57 sum= 609 qtdAfter=43 sum=472 begin=40 space before middle 0
46 64 51 38 34 30 76 6 96 92 12 11 78 79 21 68 1 67 35 43 37 22 13 81 87 72 2 5 88 16 28 74 62 17 100 82 8 10 94 18 24 45 85 15 3 31 93 80 49 58 77 97 57 95 25 26 86 90 23 54 40 29 9 98 42 19 71 89 53 52 27 50 39 20 41 59 75 66 47 91 84 70 60 14 83 69 36 73 7 99 48 65 56 4 32 55 63 61 33 44
Sum 1063.0 D=638 Fitness=61461.0 qtdBefore=55 sum= 593 qtdAfter=45 sum=470 begin=45 space before middle 0
49 99 65 14 38 20 89 42 90 93 57 32 52 92 87 76 53 59 69 34 51 8 85 63 81 70 28 86 95 26 64 48 46 31 68 6 21 36 45 100 58 96 78 56 7 55 82 25 15 44 1 2 77 88 94 41 37 4 73 16 61 50 91 9 47 12 97 83 43 72 22 60 40 54 5 79 33 27 75 18 84 35 10 80 17 98 74 30 11 67 62 66 3 23 71 24 39 29 19 13
Sum 1136.0 D=909 Fitness=73685.0 qtdBefore=56 sum= 681 qtdAfter=44 sum=455 begin=227 space before middle 1
72 41 17 45 86 2 20 7 56 77 19 23 46 88 55 87 81 59 25 94 96 31 57 73 83 40 47 71 80 90 10 60 74 42 32 76 84 92 22 49 26 91 43 12 48 13 61 27 70 36 35 65 50 1 24 3 64 63 75 69 16 95 66 34 37 18 97 15 29 33 39 6 52 14 78 30 28 62 85 82 44 5 58 99 53 9 100 79 98 68 11 67 54 38 93 21 8 4 51 89
Sum 1082.0 D=866 Fitness=60466.0 qtdBefore=59 sum= 650 qtdAfter=41 sum=432 begin=216 space before middle 0
97 16 18 95 70 31 77 27 24 9 63 51 30 54 33 66 32 65 25 38 91 47 17 26 84 78 79 22 11 6 41 14 80 34 12 49 71 81 35 21 61 60 57 1 62 3 52 69 67 29 37 74 39 45 93 55 28 99 20 7 15 40 59 2 75 19 5 72 89 96 44 88 92 76 8 68 10 42 98 53 86 23 56 82 50 85 46 4 36 58 43 83 100 64 87 48 94 13 73 90
Sum 1074.0 D=859 Fitness=70000.0 qtdBefore=61 sum= 645 qtdAfter=39 sum=429 begin=214 space before middle 0
81 22 79 19 60 25 72 97 92 55 77 41 99 48 56 38 57 82 76 83 68 61 100 28 33 65 88 15 93 63 13 1 85 39 80 53 20 50 14 58 42 16 44 73 34 94 95 62 10 71 59 69 89 11 64 21 52 26 3 31 70 30 49 74 96 36 35 43 23 54 46 6 37 17 18 40 66 9 98 32 86 67 24 75 91 29 84 4 8 45 7 51 90 5 78 2 87 27 47 12
Sum 1046.0 D=837 Fitness=69261.0 qtdBefore=61 sum= 628 qtdAfter=39 sum=418 begin=209 space before middle 0
25 81 62 18 59 55 34 41 23 90 92 94 39 47 71 58 38 5 28 54 77 19 83 82 84 51 86 49 22 76 32 95 7 69 56 80 33 15 42 73 68 9 75 21 60 11 2 61 27 99 46 20 48 6 29 89 96 4 43 24 36 26 78 66 91 35 50 31 8 79 100 1 13 98 37 67 64 53 87 85 44 57 17 93 10 30 70 45 3 74 72 52 40 97 65 14 16 88 12 63
Sum 1059.0 D=847 Fitness=55300.0 qtdBefore=61 sum= 636 qtdAfter=39 sum=423 begin=211 space before middle 0
61 77 42 81 22 3 17 37 48 95 49 46 52 32 70 54 24 94 62 72 14 10 28 83 66 97 67 93 34 21 85 23 11 96 9 56 39 68 36 41 75 79 88 73 86 78 60 84 5 87 18 89 53 80 33 92 31 2 13 27 7 25 64 16 4 51 100 98 6 43 65 45 1 58 55 20 99 19 90 26 12 69 29 30 63 8 91 47 76 40 15 59 44 50 71 82 57 74 38 35
Sum 1052.0 D=842 Fitness=62642.0 qtdBefore=60 sum= 632 qtdAfter=40 sum=420 begin=210 space before middle 0
43 80 77 73 7 36 76 81 85 38 42 65 74 40 64 62 44 83 63 2 90 53 48 27 57 75 35 3 26 28 41 97 61 87 71 79 20 22 93 6 30 5 66 47 4 17 31 92 98 59 9 72 94 82 95 89 91 33 25 29 8 52 21 14 34 70 78 49 55 15 39 18 69 10 23 50 11 46 68 1 54 67 37 58 99 86 32 60 13 100 12 24 51 96 19 84 16 56 88 45
Sum 1041.0 D=833 Fitness=62232.0 qtdBefore=60 sum= 625 qtdAfter=40 sum=416 begin=208 space before middle 0
71 35 26 4 83 21 66 8 22 38 86 81 94 72 36 69 75 10 73 82 3 37 27 64 76 9 28 96 32 44 51 23 1 53 17 78 95 43 91 34 52 85 46 54 7 18 98 55 40 45 31 87 68 19 14 74 57 99 88 60 6 41 93 25 5 50 90 84 48 2 89 59 29 80 16 56 20 70 61 12 39 13 65 15 11 42 79 63 24 62 30 33 49 97 47 58 92 100 67 77
Sum 1185.0 D=948 Fitness=84462.0 qtdBefore=57 sum= 711 qtdAfter=43 sum=474 begin=237 space before middle 0
32 38 77 70 61 8 74 99 45 24 3 81 33 91 20 19 1 6 36 63 57 73 86 48 62 28 23 100 47 35 58 14 65 90 84 55 4 59 15 22 40 18 29 56 31 52 49 97 67 78 89 72 83 42 30 7 13 92 11 12 60 76 41 69 46 34 75 71 5 17 25 27 26 68 37 94 44 9 66 53 51 80 16 39 98 54 64 82 85 50 10 2 79 88 87 21 95 96 93 43
Sum 1081.0 D=865 Fitness=59777.0 qtdBefore=63 sum= 649 qtdAfter=37 sum=432 begin=216 space before middle 0
46 64 51 38 34 30 76 6 96 92 12 11 78 79 21 68 1 67 35 43 37 22 13 81 87 72 2 5 88 16 28 74 62 17 100 82 8 10 20 94 27 18 24 45 85 15 3 31 93 80 49 53 58 77 97 57 95 25 26 54 23 90 86 40 9 29 98 42 19 71 89 52 50 39 41 59 75 66 47 91 84 70 60 14 83 69 36 73 7 99 48 65 56 4 32 55 63 61 33 44
Sum 1063.0 D=850 Fitness=62763.0 qtdBefore=58 sum= 638 qtdAfter=42 sum=425 begin=212 space before middle 0
49 99 65 14 38 20 89 42 39 90 93 57 32 52 92 87 76 53 59 69 34 51 8 85 63 81 70 28 86 95 26 64 33 48 46 31 68 6 21 36 45 100 58 96 43 78 47 56 7 55 82 25 15 44 1 2 41 37 94 88 4 73 77 16 61 50 91 9 12 97 83 72 22 40 54 5 60 79 27 75 18 84 35 10 80 17 98 74 30 11 67 62 66 3 23 71 24 29 19 13
