Sum 549.0 D=110 Fitness=41956.0 qtdBefore=15 sum= 108 qtdAfter=35 sum=441 begin=0 space before middle 2
40 38 34 26 18 46 10 29 2 15 20 44 11 32 6 3 21 28 16 49 36 43 25 31 39 45 24 8 4 13 22 30 14 27 42 9 7 23 19 1 33 41 47 48 50 17 12 37 35 5
Sum 512.0 D=102 Fitness=33653.0 qtdBefore=10 sum= 101 qtdAfter=40 sum=411 begin=0 space before middle 1
11 1 22 24 35 32 23 39 20 21 46 45 36 43 37 31 28 48 8 41 6 40 17 50 26 7 3 10 19 12 4 44 13 5 25 2 38 29 27 42 49 30 18 14 47 33 34 9 16 15
Sum 535.0 D=107 Fitness=38227.0 qtdBefore=12 sum= 106 qtdAfter=38 sum=429 begin=0 space before middle 1
50 12 7 29 5 47 6 14 1 10 43 24 27 21 32 42 23 44 33 39 19 41 37 17 8 31 35 3 4 9 16 22 13 2 40 18 28 36 30 48 46 20 15 45 38 25 26 11 49 34
Sum 478.0 D=96 Fitness=29744.0 qtdBefore=13 sum= 95 qtdAfter=37 sum=383 begin=0 space before middle 1
44 17 22 28 29 35 1 30 32 26 19 21 8 42 6 7 3 31 13 20 40 14 33 49 11 25 10 38 34 37 46 2 4 12 48 39 15 5 27 24 45 9 16 36 43 23 50 18 41 47
Sum 542.0 D=108 Fitness=32636.0 qtdBefore=12 sum= 105 qtdAfter=38 sum=437 begin=0 space before middle 3
4 29 28 46 42 27 10 9 49 6 44 23 32 15 12 16 11 5 2 50 25 31 38 41 22 35 19 48 37 43 36 33 24 47 20 7 39 14 13 34 21 30 26 1 40 3 17 18 8 45
Sum 548.0 D=110 Fitness=39453.0 qtdBefore=10 sum= 108 qtdAfter=40 sum=440 begin=0 space before middle 2
29 50 41 14 15 43 24 4 13 10 17 1 34 16 46 27 31 45 2 23 20 39 8 26 36 48 42 40 33 18 22 12 35 25 32 9 5 37 38 28 7 47 49 6 30 3 44 21 19 11
Sum 553.0 D=111 Fitness=43898.0 qtdBefore=12 sum= 111 qtdAfter=38 sum=442 begin=0 space before middle 0
21 17 9 40 11 15 29 19 41 45 2 24 30 32 13 34 18 10 26 1 3 5 44 12 23 47 48 28 6 31 16 22 46 20 14 42 37 43 7 39 49 33 36 35 8 50 25 4 27 38
Sum 638.0 D=128 Fitness=45547.0 qtdBefore=11 sum= 125 qtdAfter=39 sum=513 begin=0 space before middle 3
7 29 36 13 28 40 15 3 41 12 33 49 48 32 35 31 20 34 25 27 38 50 1 21 45 9 43 10 17 11 22 19 18 2 44 16 37 6 4 26 5 24 8 42 47 39 14 30 46 23
Sum 457.0 D=91 Fitness=37442.0 qtdBefore=15 sum= 91 qtdAfter=35 sum=366 begin=0 space before middle 0
31 37 34 21 19 35 10 14 39 3 47 17 30 32 13 1 40 44 48 16 45 43 7 36 41 18 5 27 6 12 25 42 23 46 49 26 33 38 22 20 29 8 2 4 15 24 28 11 50 9
Sum 505.0 D=101 Fitness=36295.0 qtdBefore=9 sum= 100 qtdAfter=41 sum=405 begin=0 space before middle 1
42 6 27 2 29 32 3 45 18 11 50 7 46 35 39 41 44 12 24 30 31 16 9 10 33 20 14 26 13 21 23 28 1 34 22 49 25 43 4 40 37 47 8 38 36 48 17 15 5 19
Sum 549.0 D=220 Fitness=24715.0 qtdBefore=21 sum= 220 qtdAfter=29 sum=329 begin=0 space before middle 0
40 38 34 26 48 18 42 39 46 14 30 31 25 10 29 2 36 15 6 20 44 11 32 3 21 28 16 49 43 45 24 8 4 13 22 27 9 7 23 19 1 33 41 47 50 17 12 37 35 5
Sum 512.0 D=205 Fitness=19223.0 qtdBefore=22 sum= 205 qtdAfter=28 sum=307 begin=0 space before middle 0
9 11 1 22 24 35 29 4 25 50 32 23 7 39 40 6 20 21 43 48 36 46 45 37 31 28 8 41 17 26 3 10 19 12 44 13 5 2 38 27 42 49 30 18 14 47 33 34 16 15
Sum 535.0 D=214 Fitness=21365.0 qtdBefore=22 sum= 214 qtdAfter=28 sum=321 begin=0 space before middle 0
50 12 7 25 29 5 47 6 31 9 19 16 14 33 23 1 41 10 27 24 43 21 32 42 44 39 37 17 8 35 3 4 22 13 2 40 18 28 36 30 48 46 20 15 45 38 26 11 49 34
Sum 478.0 D=191 Fitness=17612.0 qtdBefore=21 sum= 191 qtdAfter=29 sum=287 begin=0 space before middle 0
16 44 17 22 28 29 48 15 35 1 46 4 30 14 49 33 32 13 26 19 21 8 42 6 7 3 31 20 40 11 25 10 38 34 37 2 12 39 5 27 24 45 9 36 43 23 50 18 41 47
Sum 542.0 D=217 Fitness=18334.0 qtdBefore=21 sum= 217 qtdAfter=29 sum=325 begin=0 space before middle 0
4 29 28 46 24 42 27 10 31 9 47 43 19 5 50 15 11 49 23 6 44 32 12 16 2 25 38 41 22 35 48 37 36 33 20 7 39 14 13 34 21 30 26 1 40 3 17 18 8 45
Sum 548.0 D=219 Fitness=24020.0 qtdBefore=17 sum= 219 qtdAfter=33 sum=329 begin=0 space before middle 0
29 50 41 14 28 6 15 30 43 33 48 12 18 24 4 13 10 17 1 34 16 46 27 31 45 2 23 20 39 8 26 36 42 40 22 35 25 32 9 5 37 38 7 47 49 3 44 21 19 11
Sum 553.0 D=221 Fitness=23471.0 qtdBefore=21 sum= 217 qtdAfter=29 sum=336 begin=0 space before middle 4
21 17 9 31 40 11 15 29 28 10 19 46 3 48 34 26 32 24 2 45 41 30 13 18 1 44 12 5 23 47 6 16 22 20 14 42 37 43 7 39 49 33 36 35 8 50 25 4 27 38
Sum 638.0 D=255 Fitness=25387.0 qtdBefore=20 sum= 252 qtdAfter=30 sum=386 begin=0 space before middle 3
7 29 36 26 13 28 40 15 18 3 17 50 41 25 1 21 27 34 35 12 33 49 48 32 31 20 38 45 9 43 10 11 22 19 2 44 16 37 6 4 5 24 8 42 47 39 14 30 46 23
Sum 457.0 D=183 Fitness=22147.0 qtdBefore=20 sum= 180 qtdAfter=30 sum=277 begin=0 space before middle 3
31 50 37 34 20 21 19 6 36 41 43 45 35 10 14 3 39 47 17 30 32 13 1 40 44 16 48 7 18 5 27 12 25 42 23 46 49 26 33 38 22 29 8 2 4 15 24 28 11 9
Sum 505.0 D=202 Fitness=19840.0 qtdBefore=23 sum= 201 qtdAfter=27 sum=304 begin=0 space before middle 1
42 6 27 2 29 49 43 32 28 9 20 3 30 44 39 11 18 45 50 7 46 35 41 12 24 31 16 10 33 14 26 13 21 23 1 22 34 25 4 40 37 47 8 38 36 48 17 15 5 19
Sum 549.0 D=329 Fitness=18296.0 qtdBefore=30 sum= 306 qtdAfter=20 sum=243 begin=23 space before middle 0
40 38 34 26 48 18 42 39 46 14 30 31 22 8 25 9 10 24 29 2 36 15 16 6 21 32 11 44 20 3 28 49 43 45 4 13 27 7 23 19 1 33 41 47 50 17 12 37 35 5
Sum 512.0 D=307 Fitness=14231.0 qtdBefore=31 sum= 298 qtdAfter=19 sum=214 begin=9 space before middle 0
9 11 1 22 24 35 29 49 4 25 50 13 32 23 7 39 40 10 26 6 20 21 17 43 48 8 41 36 31 37 46 45 28 3 19 12 44 5 2 38 27 42 30 18 14 47 33 34 16 15
Sum 535.0 D=321 Fitness=16643.0 qtdBefore=28 sum= 298 qtdAfter=22 sum=237 begin=22 space before middle 1
50 12 7 25 29 5 15 47 6 31 40 9 19 16 14 22 33 23 1 8 35 41 10 44 27 24 43 21 32 42 39 37 17 4 3 13 2 18 28 36 30 48 46 20 45 38 26 11 49 34
Sum 478.0 D=287 Fitness=14128.0 qtdBefore=30 sum= 266 qtdAfter=20 sum=212 begin=21 space before middle 0
16 44 17 22 28 29 27 48 15 35 1 46 4 12 30 14 49 33 38 32 10 13 31 7 3 8 42 26 21 19 6 20 40 11 25 34 37 2 39 5 24 45 9 36 43 23 50 18 41 47
Sum 542.0 D=325 Fitness=14657.0 qtdBefore=27 sum= 302 qtdAfter=23 sum=240 begin=23 space before middle 0
4 29 3 28 46 24 42 27 10 31 9 47 13 43 19 5 50 36 15 22 2 11 49 23 16 32 44 6 12 25 38 41 35 48 37 33 20 7 39 14 34 21 30 26 1 40 17 18 8 45
Sum 548.0 D=329 Fitness=14824.0 qtdBefore=28 sum= 329 qtdAfter=22 sum=219 begin=0 space before middle 0
29 50 41 14 28 6 3 15 30 43 33 48 12 18 22 42 40 2 23 45 31 10 4 24 13 17 1 34 16 46 27 20 39 8 26 36 35 25 32 9 5 37 38 7 47 49 44 21 19 11
Sum 553.0 D=332 Fitness=17713.0 qtdBefore=30 sum= 319 qtdAfter=20 sum=234 begin=11 space before middle 2
21 17 9 31 40 11 15 29 28 39 10 19 46 3 20 48 34 26 6 32 5 47 23 1 44 24 13 2 45 41 30 18 12 16 22 14 42 37 43 7 49 33 36 35 8 50 25 4 27 38
Sum 638.0 D=383 Fitness=21465.0 qtdBefore=28 sum= 353 qtdAfter=22 sum=285 begin=27 space before middle 3
7 29 36 26 13 24 28 40 15 18 3 17 22 50 41 25 10 9 1 21 27 43 38 34 20 35 31 12 33 49 48 32 45 11 19 2 44 16 37 6 4 5 8 42 47 39 14 30 46 23
Sum 457.0 D=274 Fitness=14345.0 qtdBefore=29 sum= 272 qtdAfter=21 sum=185 begin=2 space before middle 0
31 50 37 34 20 21 19 6 36 41 25 49 43 45 35 12 48 10 7 42 14 32 40 3 17 39 47 30 13 1 44 16 18 5 27 23 46 26 33 38 22 29 8 2 4 15 24 28 11 9
Sum 505.0 D=303 Fitness=14411.0 qtdBefore=28 sum= 297 qtdAfter=22 sum=208 begin=4 space before middle 2
42 6 27 2 29 15 49 43 4 32 28 25 34 9 20 3 30 33 31 10 44 39 24 50 46 11 18 45 7 35 41 12 16 14 26 21 13 23 1 22 40 37 47 8 38 36 48 17 5 19
Sum 549.0 D=439 Fitness=18296.0 qtdBefore=32 sum= 325 qtdAfter=18 sum=224 begin=109 space before middle 5
40 38 34 26 48 18 42 39 46 14 30 31 22 8 25 19 9 10 24 29 2 36 15 16 6 21 32 11 44 20 3 28 49 43 45 4 13 27 7 23 1 33 41 47 50 17 12 37 35 5
Sum 512.0 D=410 Fitness=14689.0 qtdBefore=33 sum= 304 qtdAfter=17 sum=208 begin=102 space before middle 4
9 11 1 22 24 35 29 49 4 25 50 13 32 23 7 39 40 10 26 6 20 21 17 43 48 8 41 36 31 37 46 45 28 3 19 12 44 5 2 38 27 42 30 18 14 47 33 34 16 15
Sum 535.0 D=428 Fitness=16755.0 qtdBefore=31 sum= 321 qtdAfter=19 sum=214 begin=107 space before middle 0
50 12 7 25 29 5 15 47 6 31 40 9 19 16 14 22 33 23 1 8 35 3 41 10 44 27 24 43 21 32 42 39 37 17 4 13 2 18 28 36 30 48 46 20 45 38 26 11 49 34
Sum 478.0 D=382 Fitness=14983.0 qtdBefore=33 sum= 282 qtdAfter=17 sum=196 begin=95 space before middle 5
16 44 17 22 28 29 27 48 15 35 1 46 4 12 30 37 14 49 33 38 32 10 13 11 31 7 3 8 42 26 21 19 6 20 40 25 34 2 39 5 24 45 9 36 43 23 50 18 41 47
Sum 542.0 D=434 Fitness=14786.0 qtdBefore=29 sum= 323 qtdAfter=21 sum=219 begin=108 space before middle 3
4 29 3 28 46 24 42 27 10 31 9 47 13 43 19 39 5 50 36 15 22 2 11 49 23 16 32 44 6 12 25 38 41 35 48 37 33 20 7 14 34 21 30 26 1 40 17 18 8 45
Sum 548.0 D=438 Fitness=14824.0 qtdBefore=28 sum= 329 qtdAfter=22 sum=219 begin=109 space before middle 0
29 50 41 14 28 6 3 15 30 43 33 48 12 18 22 42 40 2 23 45 31 10 4 24 13 17 1 34 16 46 27 20 39 8 26 36 35 25 32 9 5 37 38 7 47 49 44 21 19 11
Sum 553.0 D=442 Fitness=17873.0 qtdBefore=31 sum= 329 qtdAfter=19 sum=224 begin=110 space before middle 3
21 17 9 31 40 11 15 29 28 39 10 19 46 3 20 48 34 26 6 32 5 47 23 1 44 24 13 18 2 45 41 30 12 16 22 14 42 37 43 7 49 33 36 35 8 50 25 4 27 38
Sum 638.0 D=510 Fitness=22405.0 qtdBefore=32 sum= 383 qtdAfter=18 sum=255 begin=127 space before middle 0
7 29 36 26 13 24 28 40 15 18 3 17 22 50 41 25 10 9 1 21 27 43 45 38 34 20 35 31 32 12 49 33 48 11 19 2 44 16 37 6 4 5 8 42 47 39 14 30 46 23
Sum 457.0 D=366 Fitness=14389.0 qtdBefore=31 sum= 275 qtdAfter=19 sum=182 begin=91 space before middle 0
31 50 37 34 20 21 19 6 36 41 25 49 43 45 35 12 48 10 7 42 14 32 40 3 17 39 47 30 13 1 44 16 18 5 27 23 46 26 33 38 22 29 8 2 4 15 24 28 11 9
Sum 505.0 D=404 Fitness=14377.0 qtdBefore=29 sum= 303 qtdAfter=21 sum=202 begin=101 space before middle 0
42 6 27 2 29 15 49 43 4 32 28 25 34 9 20 3 30 33 31 10 44 39 14 24 50 46 11 18 45 7 35 41 12 16 26 13 21 23 1 22 40 37 47 8 38 36 48 17 5 19
