Sum 549.0 D=110 Fitness=40823.0 qtdBefore=17 sum= 109 qtdAfter=33 sum=440 begin=0 space before middle 1
40 38 26 18 46 10 29 2 15 6 21 32 11 28 3 44 20 16 49 36 43 25 31 39 45 24 8 4 13 22 30 14 27 42 9 7 23 19 1 33 41 47 48 50 34 17 12 37 35 5
Sum 512.0 D=102 Fitness=31689.0 qtdBefore=15 sum= 99 qtdAfter=35 sum=413 begin=0 space before middle 3
1 22 24 35 32 23 39 20 21 43 36 31 37 46 45 28 48 8 41 6 40 17 50 26 7 3 10 19 12 4 44 13 5 25 2 38 29 27 11 42 49 30 18 14 47 33 34 9 16 15
Sum 535.0 D=107 Fitness=36492.0 qtdBefore=15 sum= 97 qtdAfter=35 sum=438 begin=0 space before middle 10
50 7 29 5 47 6 14 1 10 27 32 42 24 21 43 44 23 33 39 19 41 37 17 8 31 35 3 4 9 16 22 13 2 40 18 28 36 30 48 12 46 20 15 45 38 25 26 11 49 34
Sum 478.0 D=96 Fitness=28674.0 qtdBefore=16 sum= 93 qtdAfter=34 sum=385 begin=0 space before middle 3
44 22 28 29 35 1 30 32 7 3 8 42 26 21 6 19 31 13 20 40 14 33 49 11 25 10 38 34 37 46 2 4 12 48 39 17 15 5 27 24 45 9 16 36 43 23 50 18 41 47
Sum 542.0 D=108 Fitness=32495.0 qtdBefore=15 sum= 108 qtdAfter=35 sum=434 begin=0 space before middle 0
4 29 28 46 42 27 9 15 49 23 16 12 32 44 6 11 5 2 50 25 31 10 38 41 22 35 19 48 37 43 36 33 24 47 20 7 39 14 13 34 21 30 26 1 40 3 17 18 8 45
Sum 548.0 D=110 Fitness=37488.0 qtdBefore=14 sum= 108 qtdAfter=36 sum=440 begin=0 space before middle 2
29 41 14 15 43 34 16 1 10 17 46 4 24 13 27 31 45 2 23 20 39 8 26 36 48 42 40 33 18 22 12 35 25 32 9 5 37 38 28 7 47 49 6 30 50 3 44 21 19 11
Sum 553.0 D=111 Fitness=43342.0 qtdBefore=13 sum= 105 qtdAfter=37 sum=448 begin=0 space before middle 6
21 17 9 40 15 29 19 32 24 2 45 30 41 13 34 18 10 26 1 3 5 44 12 23 47 48 28 11 6 31 16 22 46 20 14 42 37 43 7 39 49 33 36 35 8 50 25 4 27 38
Sum 638.0 D=128 Fitness=44807.0 qtdBefore=13 sum= 123 qtdAfter=37 sum=515 begin=0 space before middle 5
7 36 13 28 40 15 3 41 32 12 49 33 48 35 31 20 34 25 27 38 50 1 21 45 9 43 10 17 11 22 19 18 29 2 44 16 37 6 4 26 5 24 8 42 47 39 14 30 46 23
Sum 457.0 D=91 Fitness=35261.0 qtdBefore=18 sum= 91 qtdAfter=32 sum=366 begin=0 space before middle 0
31 34 21 19 35 48 10 14 32 40 44 3 17 39 47 1 30 13 16 45 43 7 36 41 18 5 27 6 12 25 42 23 46 49 26 33 38 22 20 29 8 2 4 15 24 37 28 11 50 9
Sum 505.0 D=101 Fitness=34350.0 qtdBefore=13 sum= 101 qtdAfter=37 sum=404 begin=0 space before middle 0
42 27 2 29 32 3 50 46 35 11 18 7 45 39 41 44 12 24 30 31 16 9 10 33 20 14 26 13 21 23 28 1 34 22 49 25 43 4 40 6 37 47 8 38 36 48 17 15 5 19
Sum 549.0 D=220 Fitness=24137.0 qtdBefore=25 sum= 219 qtdAfter=25 sum=330 begin=0 space before middle 1
40 38 34 26 18 42 39 46 14 30 31 25 10 29 2 36 15 6 21 32 11 28 3 44 20 16 49 43 45 24 8 4 13 22 27 9 7 23 19 1 33 41 47 48 50 17 12 37 35 5
Sum 512.0 D=205 Fitness=17961.0 qtdBefore=26 sum= 205 qtdAfter=24 sum=307 begin=0 space before middle 0
11 1 22 24 35 29 4 25 50 32 23 7 39 40 6 20 21 43 48 8 36 31 37 28 46 45 41 17 26 3 10 19 12 44 13 5 2 38 27 42 49 30 18 14 47 33 34 9 16 15
Sum 535.0 D=214 Fitness=21015.0 qtdBefore=23 sum= 209 qtdAfter=27 sum=326 begin=0 space before middle 5
50 12 7 29 5 47 6 31 9 19 16 14 33 23 1 41 10 27 32 42 24 21 43 44 39 37 17 8 35 3 4 22 13 2 40 18 28 36 30 48 46 20 15 45 38 25 26 11 49 34
Sum 478.0 D=191 Fitness=16893.0 qtdBefore=23 sum= 190 qtdAfter=27 sum=288 begin=0 space before middle 1
44 17 22 28 29 48 15 35 1 46 4 30 14 49 33 32 13 8 42 26 21 6 19 7 3 31 20 40 11 25 10 38 34 37 2 12 39 5 27 24 45 9 16 36 43 23 50 18 41 47
Sum 542.0 D=217 Fitness=18224.0 qtdBefore=23 sum= 212 qtdAfter=27 sum=330 begin=0 space before middle 5
4 29 28 46 24 42 27 10 31 9 43 19 5 50 15 11 49 23 16 12 32 44 6 2 25 38 41 22 35 48 37 36 33 47 20 7 39 14 13 34 21 30 26 1 40 3 17 18 8 45
Sum 548.0 D=219 Fitness=22393.0 qtdBefore=21 sum= 219 qtdAfter=29 sum=329 begin=0 space before middle 0
29 50 41 14 28 6 15 43 33 48 12 18 34 16 1 10 17 46 4 24 13 27 31 45 2 23 20 39 8 26 36 42 40 22 35 25 32 9 5 37 38 7 47 49 30 3 44 21 19 11
Sum 553.0 D=221 Fitness=23088.0 qtdBefore=23 sum= 221 qtdAfter=27 sum=332 begin=0 space before middle 0
21 17 9 31 40 11 15 29 28 10 19 3 48 34 26 32 24 13 18 2 45 30 41 1 44 12 5 23 47 6 16 22 46 20 14 42 37 43 7 39 49 33 36 35 8 50 25 4 27 38
Sum 638.0 D=255 Fitness=25047.0 qtdBefore=23 sum= 253 qtdAfter=27 sum=385 begin=0 space before middle 2
7 29 36 13 28 40 15 18 3 17 50 41 25 1 21 27 34 35 32 12 49 33 48 31 20 38 45 9 43 10 11 22 19 2 44 16 37 6 4 26 5 24 8 42 47 39 14 30 46 23
Sum 457.0 D=183 Fitness=21222.0 qtdBefore=24 sum= 175 qtdAfter=26 sum=282 begin=0 space before middle 8
31 37 34 20 21 19 6 36 41 43 45 35 10 14 32 40 44 3 17 39 47 1 30 13 48 16 7 18 5 27 12 25 42 23 46 49 26 33 38 22 29 8 2 4 15 24 28 11 50 9
Sum 505.0 D=202 Fitness=19568.0 qtdBefore=24 sum= 202 qtdAfter=26 sum=303 begin=0 space before middle 0
42 6 27 2 29 49 32 28 9 20 3 30 44 39 24 12 50 46 35 11 18 7 41 45 31 16 10 33 14 26 13 21 23 1 22 34 25 43 4 40 37 47 8 38 36 48 17 15 5 19
Sum 549.0 D=329 Fitness=17998.0 qtdBefore=29 sum= 324 qtdAfter=21 sum=225 begin=5 space before middle 0
40 38 34 26 48 18 42 39 46 14 30 31 22 8 25 9 33 10 24 29 2 36 15 16 6 21 32 11 3 20 44 28 49 43 45 4 13 27 7 23 19 1 41 47 50 17 12 37 35 5
Sum 512.0 D=307 Fitness=14129.0 qtdBefore=28 sum= 305 qtdAfter=22 sum=207 begin=0 space before middle 2
9 11 1 22 24 35 29 49 4 25 42 50 13 32 23 7 39 40 10 26 6 20 21 17 43 48 8 41 46 45 36 37 28 31 3 19 12 44 5 2 38 27 30 18 14 47 33 34 16 15
Sum 535.0 D=321 Fitness=16513.0 qtdBefore=28 sum= 316 qtdAfter=22 sum=219 begin=5 space before middle 0
50 12 7 25 29 5 15 47 6 31 40 9 19 16 14 22 33 23 1 8 35 13 41 10 44 27 24 43 21 32 42 39 37 17 4 3 2 18 28 36 30 48 46 20 45 38 26 11 49 34
Sum 478.0 D=287 Fitness=14128.0 qtdBefore=30 sum= 266 qtdAfter=20 sum=212 begin=21 space before middle 0
16 44 17 22 28 29 27 48 15 35 1 46 4 12 30 14 49 33 38 32 10 13 31 7 3 8 42 26 21 19 6 20 40 11 25 34 37 2 39 5 24 45 9 36 43 23 50 18 41 47
Sum 542.0 D=325 Fitness=14612.0 qtdBefore=27 sum= 315 qtdAfter=23 sum=227 begin=10 space before middle 0
4 29 3 28 46 24 42 27 10 31 9 47 13 43 19 5 50 36 15 22 2 11 38 49 23 16 32 6 44 12 25 41 35 48 37 33 20 7 39 14 34 21 30 26 1 40 17 18 8 45
Sum 548.0 D=329 Fitness=14511.0 qtdBefore=27 sum= 329 qtdAfter=23 sum=219 begin=0 space before middle 0
29 50 41 14 28 6 3 15 30 43 33 48 12 18 22 42 40 2 23 45 31 34 16 1 10 17 4 24 13 46 27 20 39 8 26 36 35 25 32 9 5 37 38 7 47 49 44 21 19 11
Sum 553.0 D=332 Fitness=17687.0 qtdBefore=30 sum= 332 qtdAfter=20 sum=221 begin=0 space before middle 0
21 17 9 31 40 11 15 29 28 39 10 19 46 3 20 14 48 34 26 6 32 5 47 23 1 44 24 13 2 41 45 30 18 12 16 22 42 37 43 7 49 33 36 35 8 50 25 4 27 38
Sum 638.0 D=383 Fitness=21401.0 qtdBefore=27 sum= 335 qtdAfter=23 sum=303 begin=47 space before middle 1
7 29 36 26 13 24 28 40 15 18 3 17 22 50 41 25 10 9 1 21 27 38 34 20 35 12 33 49 48 32 31 45 43 11 19 2 44 16 37 6 4 5 8 42 47 39 14 30 46 23
Sum 457.0 D=274 Fitness=14273.0 qtdBefore=26 sum= 274 qtdAfter=24 sum=183 begin=0 space before middle 0
31 50 37 34 20 21 19 6 36 41 25 49 43 45 35 12 48 10 7 42 14 18 32 39 3 47 30 17 13 1 40 44 16 5 27 23 46 26 33 38 22 29 8 2 4 15 24 28 11 9
Sum 505.0 D=303 Fitness=14367.0 qtdBefore=29 sum= 303 qtdAfter=21 sum=202 begin=0 space before middle 0
42 6 27 2 29 15 49 43 4 32 28 25 34 9 20 3 30 33 31 10 44 39 24 12 50 46 11 18 45 7 35 41 16 14 26 21 13 23 1 22 40 37 47 8 38 36 48 17 5 19
Sum 549.0 D=439 Fitness=17973.0 qtdBefore=29 sum= 330 qtdAfter=21 sum=219 begin=109 space before middle 0
40 38 34 26 48 18 42 39 46 14 30 31 22 8 25 19 9 10 24 29 2 27 36 15 16 6 21 32 20 44 11 3 28 49 43 45 4 13 7 23 1 33 41 47 50 17 12 37 35 5
Sum 512.0 D=410 Fitness=14112.0 qtdBefore=29 sum= 308 qtdAfter=21 sum=204 begin=102 space before middle 0
9 11 1 22 24 35 29 49 4 25 42 50 13 32 23 7 39 40 10 26 6 20 21 17 43 48 8 41 36 46 45 37 28 31 3 19 12 44 5 2 38 27 30 18 14 47 33 34 16 15
Sum 535.0 D=428 Fitness=16594.0 qtdBefore=28 sum= 321 qtdAfter=22 sum=214 begin=107 space before middle 0
50 12 7 25 29 5 15 47 6 31 40 9 19 16 14 22 33 23 1 8 35 3 41 10 44 39 27 43 24 21 32 42 17 37 4 13 2 18 28 36 30 48 46 20 45 38 26 11 49 34
Sum 478.0 D=382 Fitness=14620.0 qtdBefore=30 sum= 287 qtdAfter=20 sum=191 begin=95 space before middle 0
16 44 17 22 28 29 27 48 15 35 1 36 46 4 12 30 37 14 49 33 38 32 10 13 11 31 7 19 26 21 42 8 6 3 40 20 25 34 2 39 5 24 45 9 43 23 50 18 41 47
Sum 542.0 D=434 Fitness=14767.0 qtdBefore=29 sum= 326 qtdAfter=21 sum=216 begin=108 space before middle 0
4 29 3 28 46 24 42 27 10 31 9 47 13 43 19 39 5 50 36 15 22 2 11 49 23 16 12 32 44 6 25 38 41 35 48 37 33 20 7 14 34 21 30 26 1 40 17 18 8 45
Sum 548.0 D=438 Fitness=14511.0 qtdBefore=27 sum= 329 qtdAfter=23 sum=219 begin=109 space before middle 0
29 50 41 14 28 6 3 15 30 43 33 48 12 18 22 42 40 2 23 45 31 34 16 1 10 17 4 24 13 46 27 20 39 8 26 36 35 25 32 9 5 37 38 7 47 49 44 21 19 11
Sum 553.0 D=442 Fitness=17688.0 qtdBefore=29 sum= 330 qtdAfter=21 sum=223 begin=110 space before middle 2
21 17 9 31 40 11 15 29 28 39 10 19 46 3 20 14 48 34 26 6 32 5 47 23 1 44 24 13 41 45 2 30 18 12 16 22 42 37 43 7 49 33 36 35 8 50 25 4 27 38
Sum 638.0 D=510 Fitness=21998.0 qtdBefore=30 sum= 382 qtdAfter=20 sum=256 begin=127 space before middle 1
7 29 36 26 13 24 28 8 40 15 18 3 17 22 50 41 25 10 9 1 21 27 43 45 38 34 20 35 12 33 49 48 32 31 11 19 2 44 16 37 6 4 5 42 47 39 14 30 46 23
Sum 457.0 D=366 Fitness=14221.0 qtdBefore=25 sum= 275 qtdAfter=25 sum=182 begin=91 space before middle 0
31 50 37 34 20 21 19 6 36 41 25 49 43 45 35 12 48 10 7 42 14 32 40 16 39 3 47 30 17 13 1 44 5 18 27 23 46 26 33 38 22 29 8 2 4 15 24 28 11 9
Sum 505.0 D=404 Fitness=14377.0 qtdBefore=29 sum= 303 qtdAfter=21 sum=202 begin=101 space before middle 0
42 6 27 2 29 15 49 43 4 32 28 25 34 9 20 3 30 33 31 10 44 39 14 24 50 46 11 18 45 7 35 41 12 16 26 13 21 23 1 22 40 37 47 8 38 36 48 17 5 19
