Sum 217.0 D=43 Fitness=4423.0 qtdBefore=5 sum= 38 qtdAfter=15 sum=179 begin=0 space before middle 5
3 10 2 6 1 5 12 15 8 14 7 11 4 16 18 19 13 20 17 9
Sum 237.0 D=47 Fitness=8632.0 qtdBefore=6 sum= 35 qtdAfter=14 sum=202 begin=0 space before middle 12
3 10 1 2 13 19 16 18 6 12 17 20 5 8 9 4 11 15 14 7
Sum 233.0 D=47 Fitness=6165.0 qtdBefore=5 sum= 47 qtdAfter=15 sum=186 begin=0 space before middle 0
3 7 12 17 8 5 19 14 13 10 16 15 2 4 6 20 18 11 9 1
Sum 230.0 D=46 Fitness=9331.0 qtdBefore=6 sum= 40 qtdAfter=14 sum=190 begin=0 space before middle 6
6 3 11 7 14 1 15 13 8 9 12 10 20 4 2 19 18 17 5 16
Sum 188.0 D=38 Fitness=4257.0 qtdBefore=6 sum= 38 qtdAfter=14 sum=150 begin=0 space before middle 0
4 17 5 16 11 20 10 15 2 12 1 14 13 8 7 19 6 9 3 18
Sum 207.0 D=41 Fitness=6637.0 qtdBefore=4 sum= 40 qtdAfter=16 sum=167 begin=0 space before middle 1
8 19 18 5 20 4 12 3 14 9 2 10 6 17 1 13 7 16 11 15
Sum 244.0 D=49 Fitness=10703.0 qtdBefore=6 sum= 47 qtdAfter=14 sum=197 begin=0 space before middle 2
9 8 5 2 20 19 11 3 12 16 7 1 18 17 14 10 13 6 15 4
Sum 202.0 D=40 Fitness=4039.0 qtdBefore=5 sum= 36 qtdAfter=15 sum=166 begin=0 space before middle 4
6 18 13 5 10 8 9 11 3 15 19 16 2 4 1 20 17 14 12 7
Sum 139.0 D=28 Fitness=3444.0 qtdBefore=5 sum= 28 qtdAfter=15 sum=111 begin=0 space before middle 0
8 20 3 16 14 18 17 19 15 7 5 12 10 9 11 1 6 2 4 13
Sum 216.0 D=43 Fitness=5221.0 qtdBefore=7 sum= 37 qtdAfter=13 sum=179 begin=0 space before middle 6
18 3 5 14 8 7 15 19 6 11 10 2 1 4 20 13 16 12 9 17
Sum 217.0 D=87 Fitness=3067.0 qtdBefore=9 sum= 85 qtdAfter=11 sum=132 begin=2 space before middle 0
3 10 11 2 14 8 6 1 5 12 15 7 4 16 18 19 13 20 17 9
Sum 237.0 D=95 Fitness=4797.0 qtdBefore=9 sum= 93 qtdAfter=11 sum=144 begin=0 space before middle 2
9 3 20 12 10 16 1 2 19 13 18 6 17 5 8 4 11 15 14 7
Sum 233.0 D=93 Fitness=3874.0 qtdBefore=8 sum= 92 qtdAfter=12 sum=141 begin=0 space before middle 1
3 7 6 10 13 19 12 17 8 5 14 16 15 2 4 20 18 11 9 1
Sum 230.0 D=92 Fitness=5118.0 qtdBefore=7 sum= 90 qtdAfter=13 sum=140 begin=0 space before middle 2
12 20 6 13 3 11 7 14 1 15 8 9 10 4 2 19 18 17 5 16
Sum 188.0 D=75 Fitness=2571.0 qtdBefore=11 sum= 74 qtdAfter=9 sum=114 begin=1 space before middle 0
4 17 14 5 12 1 10 15 16 11 20 2 13 8 7 19 6 9 3 18
Sum 207.0 D=83 Fitness=3533.0 qtdBefore=9 sum= 83 qtdAfter=11 sum=124 begin=0 space before middle 0
8 19 18 6 14 9 5 4 20 12 3 10 2 17 1 13 7 16 11 15
Sum 244.0 D=98 Fitness=6202.0 qtdBefore=8 sum= 98 qtdAfter=12 sum=146 begin=0 space before middle 0
9 13 8 12 11 16 2 19 20 5 3 7 1 18 17 14 10 6 15 4
Sum 202.0 D=81 Fitness=2106.0 qtdBefore=8 sum= 81 qtdAfter=12 sum=121 begin=0 space before middle 0
6 19 2 18 8 9 13 5 10 11 3 15 16 4 1 20 17 14 12 7
Sum 139.0 D=56 Fitness=2086.0 qtdBefore=10 sum= 56 qtdAfter=10 sum=83 begin=0 space before middle 0
8 10 20 7 17 12 3 16 19 14 18 15 5 9 11 1 6 2 4 13
Sum 216.0 D=86 Fitness=3280.0 qtdBefore=10 sum= 85 qtdAfter=10 sum=131 begin=1 space before middle 0
1 16 18 3 19 5 14 8 7 15 6 11 10 2 4 20 13 12 9 17
Sum 217.0 D=130 Fitness=3003.0 qtdBefore=10 sum= 97 qtdAfter=10 sum=120 begin=32 space before middle 1
3 13 10 11 2 14 6 1 5 12 15 8 7 4 16 18 19 20 17 9
Sum 237.0 D=142 Fitness=3312.0 qtdBefore=11 sum= 141 qtdAfter=9 sum=96 begin=0 space before middle 1
9 3 14 20 12 4 11 10 16 6 19 2 13 1 18 17 5 8 15 7
Sum 233.0 D=140 Fitness=3612.0 qtdBefore=10 sum= 122 qtdAfter=10 sum=111 begin=17 space before middle 1
3 7 6 10 13 15 2 19 12 17 8 5 14 16 4 20 18 11 9 1
Sum 230.0 D=138 Fitness=3326.0 qtdBefore=11 sum= 137 qtdAfter=9 sum=93 begin=0 space before middle 1
12 20 6 13 19 3 4 11 15 7 14 1 8 9 10 2 18 17 5 16
Sum 188.0 D=113 Fitness=2173.0 qtdBefore=11 sum= 99 qtdAfter=9 sum=89 begin=14 space before middle 0
4 9 17 14 5 12 8 10 15 16 11 20 2 1 13 7 19 6 3 18
Sum 207.0 D=124 Fitness=3024.0 qtdBefore=11 sum= 108 qtdAfter=9 sum=99 begin=15 space before middle 1
8 19 18 7 6 14 9 2 5 4 20 12 3 10 17 1 13 16 11 15
Sum 244.0 D=146 Fitness=4133.0 qtdBefore=11 sum= 144 qtdAfter=9 sum=100 begin=0 space before middle 2
9 13 8 12 10 11 16 18 3 5 2 19 20 7 1 17 14 6 15 4
Sum 202.0 D=121 Fitness=1663.0 qtdBefore=10 sum= 111 qtdAfter=10 sum=91 begin=7 space before middle 3
6 19 17 2 18 3 8 9 11 13 5 10 15 16 4 1 20 14 12 7
Sum 139.0 D=83 Fitness=1971.0 qtdBefore=11 sum= 73 qtdAfter=9 sum=66 begin=10 space before middle 0
8 10 20 4 7 17 12 15 3 16 14 18 19 5 9 11 1 6 2 13
Sum 216.0 D=130 Fitness=2123.0 qtdBefore=11 sum= 129 qtdAfter=9 sum=87 begin=0 space before middle 1
1 16 18 13 4 11 3 6 5 15 8 7 14 19 10 2 20 12 9 17
Sum 217.0 D=174 Fitness=3073.0 qtdBefore=10 sum= 87 qtdAfter=10 sum=130 begin=87 space before middle 0
3 10 11 2 14 8 6 1 5 12 15 7 4 16 18 19 13 20 17 9
Sum 237.0 D=190 Fitness=2990.0 qtdBefore=14 sum= 166 qtdAfter=6 sum=71 begin=23 space before middle 1
9 3 14 20 12 4 11 10 16 17 6 1 2 19 13 18 5 8 15 7
Sum 233.0 D=186 Fitness=3635.0 qtdBefore=11 sum= 116 qtdAfter=9 sum=117 begin=70 space before middle 0
3 7 6 10 13 15 19 12 17 5 8 14 16 2 4 20 18 11 9 1
Sum 230.0 D=184 Fitness=3083.0 qtdBefore=13 sum= 156 qtdAfter=7 sum=74 begin=28 space before middle 0
12 20 6 13 19 3 4 11 10 15 7 14 1 8 9 2 18 17 5 16
Sum 188.0 D=150 Fitness=2257.0 qtdBefore=12 sum= 109 qtdAfter=8 sum=79 begin=37 space before middle 4
4 9 3 17 14 5 12 8 10 16 11 20 15 2 1 13 7 19 6 18
Sum 207.0 D=166 Fitness=3148.0 qtdBefore=9 sum= 103 qtdAfter=11 sum=104 begin=62 space before middle 1
8 19 18 7 6 14 9 2 5 4 12 20 3 10 17 1 13 16 11 15
Sum 244.0 D=195 Fitness=3892.0 qtdBefore=12 sum= 163 qtdAfter=8 sum=81 begin=30 space before middle 2
9 13 8 12 10 11 16 18 3 1 2 19 20 5 7 17 14 6 15 4
Sum 202.0 D=162 Fitness=1715.0 qtdBefore=10 sum= 120 qtdAfter=10 sum=82 begin=40 space before middle 2
6 19 17 2 14 18 3 8 9 5 10 13 11 15 16 4 1 20 12 7
Sum 139.0 D=111 Fitness=2005.0 qtdBefore=11 sum= 68 qtdAfter=9 sum=71 begin=42 space before middle 1
8 10 20 4 7 17 12 3 16 14 18 19 15 5 9 11 1 6 2 13
Sum 216.0 D=173 Fitness=2106.0 qtdBefore=12 sum= 145 qtdAfter=8 sum=71 begin=27 space before middle 1
1 16 18 13 4 11 10 3 6 5 8 15 7 14 19 2 20 12 9 17
