Sum 217.0 D=43 Fitness=4434.0
3 10 2 6 1 12 5 15 8 14 7 11 4 16 18 19 13 20 17 9
Sum 237.0 D=47 Fitness=8767.0
9 3 10 2 19 13 1 16 18 6 12 17 20 5 8 4 11 15 14 7
Sum 233.0 D=47 Fitness=6208.0
3 7 10 17 8 12 5 19 13 14 16 15 2 4 6 20 18 11 9 1
Sum 230.0 D=46 Fitness=9356.0
12 6 3 14 11 7 1 15 13 8 9 10 20 4 2 19 18 17 5 16
Sum 188.0 D=38 Fitness=4257.0
4 17 5 16 11 20 10 15 2 12 1 14 13 8 7 19 6 9 3 18
Sum 207.0 D=41 Fitness=6660.0
8 19 18 20 4 12 5 3 14 9 2 10 6 17 1 13 7 16 11 15
Sum 244.0 D=49 Fitness=11224.0
9 13 8 19 2 20 5 11 3 12 16 7 1 18 17 14 10 6 15 4
Sum 202.0 D=40 Fitness=4203.0
6 19 18 5 10 13 8 9 11 3 15 16 2 4 1 20 17 14 12 7
Sum 139.0 D=28 Fitness=3507.0
8 20 14 18 3 16 17 19 15 7 5 12 10 9 11 1 6 2 4 13
Sum 216.0 D=43 Fitness=5386.0
1 18 5 15 8 7 14 3 19 6 11 10 2 4 20 13 16 12 9 17
Sum 221.0 D=88 Fitness=3283.0
3 10 11 2 14 8 6 1 5 12 12 12 15 7 4 16 18 19 13 20 17 9
Sum 237.0 D=95 Fitness=4797.0
9 3 20 12 10 16 1 2 19 13 18 6 17 5 8 4 11 15 14 7
Sum 233.0 D=93 Fitness=3874.0
3 7 6 10 13 19 12 17 8 5 14 16 15 2 4 20 18 11 9 1
Sum 230.0 D=92 Fitness=5137.0
12 20 6 13 3 11 14 7 1 15 8 9 10 4 2 19 18 17 5 16
Sum 188.0 D=75 Fitness=2735.0
4 17 14 5 12 10 15 16 11 20 2 1 13 8 7 19 6 9 3 18
Sum 207.0 D=83 Fitness=3533.0
8 19 18 6 14 9 5 4 20 12 3 2 10 17 1 13 7 16 11 15
Sum 244.0 D=98 Fitness=6214.0
9 13 8 12 11 16 19 2 20 5 3 7 1 18 17 14 10 6 15 4
Sum 202.0 D=81 Fitness=2169.0
6 19 2 18 8 9 5 10 13 11 3 15 16 4 1 20 17 14 12 7
Sum 139.0 D=56 Fitness=2095.0
8 10 20 7 17 12 3 16 14 18 19 15 5 9 11 1 6 2 4 13
Sum 216.0 D=86 Fitness=3579.0
1 16 18 13 3 5 8 15 7 14 19 6 11 10 2 4 20 12 9 17
Sum 217.0 D=130 Fitness=4247.0
3 13 10 11 2 14 7 8 6 1 5 12 15 4 16 18 19 20 17 9
Sum 237.0 D=142 Fitness=3360.0
9 3 14 20 12 4 11 10 16 1 2 19 13 18 6 17 5 8 15 7
Sum 233.0 D=140 Fitness=4750.0
3 7 6 10 13 15 19 12 17 5 8 14 16 2 4 20 18 11 9 1
Sum 230.0 D=138 Fitness=3326.0
12 20 6 13 19 3 4 11 15 7 14 1 8 9 10 2 18 17 5 16
Sum 188.0 D=113 Fitness=2571.0
4 9 17 14 5 12 8 10 15 16 11 20 2 1 13 7 19 6 3 18
Sum 207.0 D=124 Fitness=3522.0
8 19 18 7 6 14 9 2 5 4 20 12 3 10 17 1 13 16 11 15
Sum 244.0 D=146 Fitness=4133.0
9 13 8 12 10 11 16 18 3 5 2 19 20 7 1 17 14 6 15 4
Sum 202.0 D=121 Fitness=1895.0
6 19 17 2 18 3 8 9 13 5 10 11 15 16 4 1 20 14 12 7
Sum 143.0 D=86 Fitness=2502.0
8 10 20 4 7 17 12 15 5 3 16 14 18 19 5 9 11 1 6 2 13
Sum 216.0 D=130 Fitness=2110.0
1 16 18 13 4 11 3 6 5 8 15 7 14 19 10 2 20 12 9 17
Sum 217.0 D=174 Fitness=6638.0
3 13 10 11 16 18 2 14 7 4 8 6 1 5 12 15 19 20 17 9
Sum 237.0 D=190 Fitness=3640.0
9 3 14 20 12 4 11 10 16 17 6 1 18 2 19 13 5 8 15 7
Sum 233.0 D=186 Fitness=8198.0
3 7 6 10 13 15 2 19 12 17 5 8 14 16 4 20 18 11 9 1
Sum 230.0 D=184 Fitness=3874.0
12 20 6 13 19 3 4 11 9 8 15 7 14 1 10 2 18 17 5 16
Sum 188.0 D=150 Fitness=3927.0
4 9 3 17 14 5 12 8 1 10 15 16 11 20 2 13 7 19 6 18
Sum 207.0 D=166 Fitness=5914.0
8 19 18 7 6 13 14 1 9 2 5 3 4 12 20 10 17 16 11 15
Sum 244.0 D=195 Fitness=4878.0
9 13 8 12 10 11 16 18 3 1 5 2 19 20 7 17 14 6 15 4
Sum 202.0 D=162 Fitness=3205.0
6 19 17 2 14 18 3 8 9 11 13 5 10 15 16 4 1 20 12 7
Sum 139.0 D=111 Fitness=3840.0
8 10 20 4 7 17 12 11 9 15 5 3 16 14 18 19 1 6 2 13
Sum 216.0 D=173 Fitness=3758.0
1 16 18 13 4 11 3 6 19 5 8 15 7 14 10 2 20 12 9 17
