Sum 116.0 D=23 Fitness=1936.0
4 2 7 3 9 6 5 8 1 10
Sum 129.0 D=26 Fitness=1001.0
5 4 7 1 2 9 6 8 3 10
Sum 125.0 D=25 Fitness=1703.0
10 9 1 2 6 7 3 5 4 8
Sum 102.0 D=20 Fitness=2170.0
6 2 10 4 5 1 7 3 9 8
Sum 94.0 D=19 Fitness=1153.0
7 9 6 3 4 1 10 5 2 8
Sum 88.0 D=18 Fitness=1495.0
10 6 2 3 9 5 4 8 1 7
Sum 103.0 D=21 Fitness=2333.0
6 2 9 7 10 3 4 1 8 5
Sum 79.0 D=16 Fitness=1710.0
7 6 1 8 9 5 4 10 2 3
Sum 92.0 D=18 Fitness=1627.0
5 9 10 6 2 4 8 7 3 1
Sum 127.0 D=25 Fitness=1869.0
10 7 6 5 9 8 1 3 4 2
Sum 116.0 D=46 Fitness=1025.0
4 2 3 7 9 6 5 8 1 10
Sum 148.0 D=59 Fitness=1036.0
5 2 4 1 7 2 9 6 8 3 10
Sum 125.0 D=50 Fitness=942.0
7 2 9 1 10 6 3 5 4 8
Sum 102.0 D=41 Fitness=1229.0
6 2 10 4 5 1 7 3 9 8
Sum 94.0 D=38 Fitness=770.0
5 7 9 10 3 6 4 1 2 8
Sum 98.0 D=39 Fitness=1170.0
8 4 2 10 6 3 9 5 4 1 7
Sum 103.0 D=41 Fitness=1534.0
8 6 7 10 2 9 3 4 1 5
Sum 79.0 D=32 Fitness=1003.0
10 7 6 1 8 9 5 4 2 3
Sum 92.0 D=37 Fitness=874.0
4 5 10 9 6 2 8 7 3 1
Sum 127.0 D=51 Fitness=1119.0
10 9 1 6 5 7 8 3 4 2
Sum 116.0 D=70 Fitness=871.0
4 2 3 7 9 6 5 8 1 10
Sum 129.0 D=77 Fitness=1324.0
5 2 4 1 7 9 6 8 3 10
Sum 125.0 D=75 Fitness=954.0
7 2 6 9 1 10 3 5 4 8
Sum 102.0 D=61 Fitness=815.0
6 2 10 4 1 5 7 3 9 8
Sum 94.0 D=56 Fitness=576.0
5 7 9 10 6 3 4 1 2 8
Sum 88.0 D=53 Fitness=817.0
8 4 2 10 6 3 9 5 1 7
Sum 107.0 D=64 Fitness=1238.0
8 6 3 7 10 9 2 9 4 1 5
Sum 79.0 D=47 Fitness=610.0
10 4 7 6 1 8 9 5 2 3
Sum 92.0 D=55 Fitness=677.0
1 4 8 5 10 9 6 2 7 3
Sum 127.0 D=76 Fitness=710.0
10 9 1 5 8 6 7 3 4 2
Sum 116.0 D=93 Fitness=1022.0
4 2 1 3 7 9 6 5 8 10
Sum 129.0 D=103 Fitness=2625.0
5 2 4 1 7 9 6 8 3 10
Sum 125.0 D=100 Fitness=1822.0
7 2 6 9 1 3 10 5 4 8
Sum 102.0 D=82 Fitness=969.0
6 2 10 4 1 5 7 3 9 8
Sum 94.0 D=75 Fitness=1128.0
5 7 9 10 6 4 1 3 2 8
Sum 99.0 D=79 Fitness=1645.0
8 4 2 10 5 6 3 9 1 1 7
Sum 103.0 D=82 Fitness=1721.0
8 6 3 7 10 9 2 4 1 5
Sum 79.0 D=63 Fitness=842.0
10 4 7 9 8 6 1 5 2 3
Sum 92.0 D=74 Fitness=818.0
1 4 7 5 10 9 6 2 8 3
Sum 127.0 D=102 Fitness=939.0
10 9 1 5 8 6 7 3 4 2
