Sum 217.0 D=43 Fitness=4434.0 qtdBefore=6 sum= 40 qtdAfter=14 sum=177 begin=0 space before middle 3
3 10 2 6 1 12 5 15 8 14 7 11 4 16 18 19 13 20 17 9
Sum 237.0 D=47 Fitness=8767.0 qtdBefore=6 sum= 43 qtdAfter=14 sum=194 begin=0 space before middle 4
9 3 10 2 19 13 1 16 18 6 12 17 20 5 8 4 11 15 14 7
Sum 233.0 D=47 Fitness=6208.0 qtdBefore=4 sum= 47 qtdAfter=16 sum=186 begin=0 space before middle 0
3 7 10 17 8 12 5 19 14 13 16 15 2 4 6 20 18 11 9 1
Sum 230.0 D=46 Fitness=9356.0 qtdBefore=3 sum= 43 qtdAfter=17 sum=187 begin=0 space before middle 3
12 6 3 14 7 11 1 15 13 8 9 10 20 4 2 19 18 17 5 16
Sum 188.0 D=38 Fitness=4257.0 qtdBefore=6 sum= 38 qtdAfter=14 sum=150 begin=0 space before middle 0
4 17 5 16 11 20 10 15 2 12 1 14 13 8 7 19 6 9 3 18
Sum 207.0 D=41 Fitness=6660.0 qtdBefore=5 sum= 40 qtdAfter=15 sum=167 begin=0 space before middle 1
8 19 18 20 4 12 5 3 14 9 2 10 6 17 1 13 7 16 11 15
Sum 244.0 D=49 Fitness=11224.0 qtdBefore=3 sum= 47 qtdAfter=17 sum=197 begin=0 space before middle 2
9 13 8 19 2 20 5 11 3 12 16 7 1 18 17 14 10 6 15 4
Sum 202.0 D=40 Fitness=4203.0 qtdBefore=4 sum= 40 qtdAfter=16 sum=162 begin=0 space before middle 0
6 19 18 5 10 13 8 9 11 3 15 16 2 4 1 20 17 14 12 7
Sum 139.0 D=28 Fitness=3507.0 qtdBefore=5 sum= 26 qtdAfter=15 sum=113 begin=0 space before middle 2
8 20 14 18 3 16 17 19 15 7 5 12 10 9 11 1 6 2 4 13
Sum 216.0 D=43 Fitness=5386.0 qtdBefore=6 sum= 40 qtdAfter=14 sum=176 begin=0 space before middle 3
1 18 5 15 8 7 14 3 19 6 11 10 2 4 20 13 16 12 9 17
Sum 217.0 D=87 Fitness=3067.0 qtdBefore=9 sum= 85 qtdAfter=11 sum=132 begin=2 space before middle 0
3 10 11 2 14 8 6 1 5 12 15 7 4 16 18 19 13 20 17 9
Sum 237.0 D=95 Fitness=4797.0 qtdBefore=9 sum= 93 qtdAfter=11 sum=144 begin=0 space before middle 2
9 3 20 12 10 16 1 2 19 13 18 6 17 5 8 4 11 15 14 7
Sum 233.0 D=93 Fitness=3874.0 qtdBefore=8 sum= 92 qtdAfter=12 sum=141 begin=0 space before middle 1
3 7 6 10 13 19 12 17 8 5 14 16 15 2 4 20 18 11 9 1
Sum 230.0 D=92 Fitness=5137.0 qtdBefore=7 sum= 89 qtdAfter=13 sum=141 begin=0 space before middle 3
12 20 6 13 3 11 14 7 1 15 8 9 10 4 2 19 18 17 5 16
Sum 188.0 D=75 Fitness=2735.0 qtdBefore=12 sum= 75 qtdAfter=8 sum=113 begin=0 space before middle 0
4 17 14 5 12 10 15 16 11 20 2 1 13 8 7 19 6 9 3 18
Sum 207.0 D=83 Fitness=3533.0 qtdBefore=9 sum= 83 qtdAfter=11 sum=124 begin=0 space before middle 0
8 19 18 6 14 9 5 4 20 12 3 10 2 17 1 13 7 16 11 15
Sum 244.0 D=98 Fitness=6214.0 qtdBefore=8 sum= 98 qtdAfter=12 sum=146 begin=0 space before middle 0
9 13 8 12 11 16 19 2 20 5 3 7 1 18 17 14 10 6 15 4
Sum 202.0 D=81 Fitness=2169.0 qtdBefore=8 sum= 78 qtdAfter=12 sum=124 begin=0 space before middle 3
6 19 2 18 8 9 5 10 13 11 3 15 16 4 1 20 17 14 12 7
Sum 139.0 D=56 Fitness=2095.0 qtdBefore=10 sum= 55 qtdAfter=10 sum=84 begin=0 space before middle 1
8 10 20 7 17 12 3 16 14 18 19 15 5 9 11 1 6 2 4 13
Sum 216.0 D=86 Fitness=3579.0 qtdBefore=8 sum= 85 qtdAfter=12 sum=131 begin=0 space before middle 1
1 16 18 13 3 5 8 15 7 14 19 6 11 10 2 4 20 12 9 17
Sum 217.0 D=130 Fitness=3090.0 qtdBefore=9 sum= 80 qtdAfter=11 sum=137 begin=49 space before middle 1
3 10 11 2 14 6 1 5 12 15 8 7 4 16 18 19 13 20 17 9
Sum 237.0 D=142 Fitness=3360.0 qtdBefore=13 sum= 139 qtdAfter=7 sum=98 begin=0 space before middle 3
9 3 14 20 12 4 11 10 16 1 2 19 13 18 6 17 5 8 15 7
Sum 233.0 D=140 Fitness=3626.0 qtdBefore=10 sum= 122 qtdAfter=10 sum=111 begin=17 space before middle 1
3 7 6 10 13 15 2 19 12 17 5 8 14 16 4 20 18 11 9 1
Sum 230.0 D=138 Fitness=3326.0 qtdBefore=11 sum= 137 qtdAfter=9 sum=93 begin=0 space before middle 1
12 20 6 13 19 3 4 11 15 7 14 1 8 9 10 2 18 17 5 16
Sum 188.0 D=113 Fitness=2173.0 qtdBefore=11 sum= 99 qtdAfter=9 sum=89 begin=14 space before middle 0
4 9 17 14 5 12 8 10 15 16 11 20 2 1 13 7 19 6 3 18
Sum 207.0 D=124 Fitness=3024.0 qtdBefore=11 sum= 108 qtdAfter=9 sum=99 begin=15 space before middle 1
8 19 18 7 6 14 9 2 5 4 20 12 3 10 17 1 13 16 11 15
Sum 244.0 D=146 Fitness=4133.0 qtdBefore=11 sum= 144 qtdAfter=9 sum=100 begin=0 space before middle 2
9 13 8 12 10 11 16 18 3 5 2 19 20 7 1 17 14 6 15 4
Sum 202.0 D=121 Fitness=1680.0 qtdBefore=9 sum= 104 qtdAfter=11 sum=98 begin=15 space before middle 2
6 19 17 2 18 3 8 9 13 5 10 11 15 16 4 1 20 14 12 7
Sum 139.0 D=83 Fitness=1971.0 qtdBefore=11 sum= 73 qtdAfter=9 sum=66 begin=10 space before middle 0
8 10 20 4 7 17 12 15 3 16 14 18 19 5 9 11 1 6 2 13
Sum 216.0 D=130 Fitness=2456.0 qtdBefore=12 sum= 120 qtdAfter=8 sum=96 begin=9 space before middle 1
1 16 18 13 4 3 6 5 8 15 7 14 19 11 10 2 20 12 9 17
Sum 217.0 D=174 Fitness=3073.0 qtdBefore=10 sum= 87 qtdAfter=10 sum=130 begin=87 space before middle 0
3 10 11 2 14 8 6 1 5 12 15 7 4 16 18 19 13 20 17 9
Sum 237.0 D=190 Fitness=2990.0 qtdBefore=14 sum= 166 qtdAfter=6 sum=71 begin=23 space before middle 1
9 3 14 20 12 4 11 10 16 17 6 1 2 19 13 18 5 8 15 7
Sum 233.0 D=186 Fitness=3635.0 qtdBefore=11 sum= 116 qtdAfter=9 sum=117 begin=70 space before middle 0
3 7 6 10 13 15 19 12 17 5 8 14 16 2 4 20 18 11 9 1
Sum 230.0 D=184 Fitness=3326.0 qtdBefore=11 sum= 137 qtdAfter=9 sum=93 begin=46 space before middle 1
12 20 6 13 19 3 4 11 15 7 14 1 8 9 10 2 18 17 5 16
Sum 188.0 D=150 Fitness=2376.0 qtdBefore=9 sum= 111 qtdAfter=11 sum=77 begin=37 space before middle 2
4 9 3 17 14 5 12 8 1 10 15 16 11 20 2 13 7 19 6 18
Sum 207.0 D=166 Fitness=3148.0 qtdBefore=9 sum= 103 qtdAfter=11 sum=104 begin=62 space before middle 1
8 19 18 7 6 14 9 2 5 4 12 20 3 10 17 1 13 16 11 15
Sum 244.0 D=195 Fitness=3894.0 qtdBefore=12 sum= 164 qtdAfter=8 sum=80 begin=30 space before middle 1
9 13 8 12 10 11 16 18 3 1 5 2 19 20 7 17 14 6 15 4
Sum 202.0 D=162 Fitness=1814.0 qtdBefore=8 sum= 98 qtdAfter=12 sum=104 begin=61 space before middle 3
6 19 17 2 18 3 8 9 5 10 13 11 15 16 4 1 20 14 12 7
Sum 139.0 D=111 Fitness=2095.0 qtdBefore=10 sum= 55 qtdAfter=10 sum=84 begin=55 space before middle 1
8 10 20 7 17 12 3 16 14 18 19 15 5 9 11 1 6 2 4 13
Sum 216.0 D=173 Fitness=2110.0 qtdBefore=11 sum= 129 qtdAfter=9 sum=87 begin=43 space before middle 1
1 16 18 13 4 11 3 6 5 8 15 7 14 19 10 2 20 12 9 17
