Sum 116.0 D=23 Fitness=1936.0 qtdBefore=2 sum= 19 qtdAfter=8 sum=97 begin=0 space before middle 4
4 2 7 3 9 6 5 8 1 10
Sum 129.0 D=26 Fitness=1090.0 qtdBefore=3 sum= 22 qtdAfter=7 sum=107 begin=0 space before middle 4
5 7 1 4 2 9 6 8 3 10
Sum 125.0 D=25 Fitness=1731.0 qtdBefore=2 sum= 25 qtdAfter=8 sum=100 begin=0 space before middle 0
7 10 9 1 2 6 3 5 4 8
Sum 102.0 D=20 Fitness=2183.0 qtdBefore=3 sum= 16 qtdAfter=7 sum=86 begin=0 space before middle 4
6 2 4 10 5 1 7 3 9 8
Sum 94.0 D=19 Fitness=1180.0 qtdBefore=3 sum= 14 qtdAfter=7 sum=80 begin=0 space before middle 5
7 9 3 6 4 1 10 5 2 8
Sum 88.0 D=18 Fitness=1544.0 qtdBefore=3 sum= 16 qtdAfter=7 sum=72 begin=0 space before middle 2
8 10 6 2 3 9 5 4 1 7
Sum 103.0 D=21 Fitness=2550.0 qtdBefore=3 sum= 19 qtdAfter=7 sum=84 begin=0 space before middle 2
8 6 2 9 7 10 3 4 1 5
Sum 79.0 D=16 Fitness=1800.0 qtdBefore=4 sum= 15 qtdAfter=6 sum=64 begin=0 space before middle 1
6 1 8 7 9 5 4 10 2 3
Sum 92.0 D=18 Fitness=1749.0 qtdBefore=4 sum= 17 qtdAfter=6 sum=75 begin=0 space before middle 1
9 10 6 5 2 4 8 7 3 1
Sum 127.0 D=25 Fitness=1913.0 qtdBefore=3 sum= 21 qtdAfter=7 sum=106 begin=0 space before middle 4
10 6 5 7 9 8 1 3 4 2
Sum 116.0 D=46 Fitness=1025.0 qtdBefore=4 sum= 44 qtdAfter=6 sum=72 begin=0 space before middle 2
4 2 3 7 6 9 5 8 1 10
Sum 129.0 D=52 Fitness=639.0 qtdBefore=4 sum= 52 qtdAfter=6 sum=77 begin=0 space before middle 0
5 2 4 1 7 9 6 8 3 10
Sum 125.0 D=50 Fitness=954.0 qtdBefore=4 sum= 45 qtdAfter=6 sum=80 begin=0 space before middle 5
7 2 9 10 1 6 3 5 4 8
Sum 102.0 D=41 Fitness=1229.0 qtdBefore=5 sum= 40 qtdAfter=5 sum=62 begin=0 space before middle 1
6 2 10 4 5 1 7 3 9 8
Sum 94.0 D=38 Fitness=897.0 qtdBefore=6 sum= 38 qtdAfter=4 sum=56 begin=0 space before middle 0
5 7 9 3 6 4 1 10 2 8
Sum 88.0 D=35 Fitness=908.0 qtdBefore=5 sum= 35 qtdAfter=5 sum=53 begin=0 space before middle 0
8 4 2 10 6 3 9 5 1 7
Sum 103.0 D=41 Fitness=1662.0 qtdBefore=5 sum= 35 qtdAfter=5 sum=68 begin=0 space before middle 6
8 6 7 2 9 10 3 4 1 5
Sum 79.0 D=32 Fitness=1003.0 qtdBefore=4 sum= 31 qtdAfter=6 sum=48 begin=0 space before middle 1
10 7 6 1 8 9 5 4 2 3
Sum 92.0 D=37 Fitness=907.0 qtdBefore=5 sum= 37 qtdAfter=5 sum=55 begin=0 space before middle 0
4 5 9 10 6 2 8 7 3 1
Sum 127.0 D=51 Fitness=1119.0 qtdBefore=4 sum= 49 qtdAfter=6 sum=78 begin=0 space before middle 2
10 9 1 6 5 7 8 3 4 2
Sum 116.0 D=70 Fitness=841.0 qtdBefore=6 sum= 68 qtdAfter=4 sum=48 begin=2 space before middle 0
4 2 3 7 9 6 5 8 1 10
Sum 129.0 D=77 Fitness=675.0 qtdBefore=3 sum= 46 qtdAfter=7 sum=83 begin=29 space before middle 2
5 2 4 1 7 9 6 8 10 3
Sum 125.0 D=75 Fitness=798.0 qtdBefore=5 sum= 61 qtdAfter=5 sum=64 begin=9 space before middle 5
7 2 6 9 1 10 3 5 4 8
Sum 102.0 D=61 Fitness=815.0 qtdBefore=6 sum= 59 qtdAfter=4 sum=43 begin=1 space before middle 1
6 2 10 4 1 5 7 3 9 8
Sum 94.0 D=56 Fitness=571.0 qtdBefore=6 sum= 49 qtdAfter=4 sum=45 begin=7 space before middle 0
5 7 9 10 3 4 6 1 2 8
Sum 88.0 D=53 Fitness=757.0 qtdBefore=6 sum= 44 qtdAfter=4 sum=44 begin=8 space before middle 1
8 4 2 10 6 3 9 5 1 7
Sum 103.0 D=62 Fitness=1083.0 qtdBefore=6 sum= 62 qtdAfter=4 sum=41 begin=0 space before middle 0
8 6 3 7 10 9 2 4 1 5
Sum 79.0 D=47 Fitness=628.0 qtdBefore=5 sum= 45 qtdAfter=5 sum=34 begin=0 space before middle 2
10 4 7 8 6 1 9 5 2 3
Sum 92.0 D=55 Fitness=808.0 qtdBefore=5 sum= 44 qtdAfter=5 sum=48 begin=9 space before middle 2
1 4 5 10 9 6 2 8 7 3
Sum 127.0 D=76 Fitness=813.0 qtdBefore=6 sum= 69 qtdAfter=4 sum=58 begin=6 space before middle 1
10 9 1 5 6 7 8 3 4 2
Sum 116.0 D=93 Fitness=832.0 qtdBefore=6 sum= 76 qtdAfter=4 sum=40 begin=15 space before middle 2
4 2 1 3 7 9 6 5 8 10
Sum 129.0 D=103 Fitness=639.0 qtdBefore=4 sum= 52 qtdAfter=6 sum=77 begin=51 space before middle 0
5 2 4 1 7 9 6 8 10 3
Sum 125.0 D=100 Fitness=813.0 qtdBefore=5 sum= 61 qtdAfter=5 sum=64 begin=37 space before middle 2
7 2 6 9 1 10 3 5 4 8
Sum 102.0 D=82 Fitness=815.0 qtdBefore=6 sum= 59 qtdAfter=4 sum=43 begin=20 space before middle 3
6 2 10 4 1 5 7 3 9 8
Sum 94.0 D=75 Fitness=559.0 qtdBefore=7 sum= 57 qtdAfter=3 sum=37 begin=18 space before middle 0
5 7 9 10 6 4 3 1 2 8
Sum 88.0 D=70 Fitness=755.0 qtdBefore=6 sum= 44 qtdAfter=4 sum=44 begin=26 space before middle 0
8 4 2 10 6 3 9 5 1 7
Sum 103.0 D=82 Fitness=1083.0 qtdBefore=6 sum= 62 qtdAfter=4 sum=41 begin=20 space before middle 0
8 6 3 7 10 9 2 4 1 5
Sum 79.0 D=63 Fitness=619.0 qtdBefore=6 sum= 48 qtdAfter=4 sum=31 begin=15 space before middle 0
10 4 7 9 8 6 1 5 2 3
Sum 92.0 D=74 Fitness=581.0 qtdBefore=7 sum= 68 qtdAfter=3 sum=24 begin=5 space before middle 1
1 4 7 2 5 10 9 6 8 3
Sum 127.0 D=102 Fitness=709.0 qtdBefore=6 sum= 75 qtdAfter=4 sum=52 begin=25 space before middle 2
10 9 1 5 8 6 7 3 4 2
